<3 Arguments given, assuming hardware execution mode.
Using SDK as search string for platform.
Using bin/mem_bandwidth_s10_svmddr.aocx as aocx name.
Found 2 platforms!
Trying to select platform SDK...
SVM enabled!
Creating SVM buffers.
Info: Using clSVMAllocIntelFPGAInfo: Using clSVMAllocIntelFPGAInfo: Using clSVMAllocIntelFPGAInfo: Using clSVMAllocIntelFPGACreating DDR buffers.
Initializing data.
Trying to load aocx: bin/mem_bandwidth_s10_svmddr.aocx
Creating nop kernel
Launching the kernel...
after kernel nop launch
Starting memcopy kernel
Creating memcopy kernel (Host->Host)
Launching the kernel...
Processed 16777216 unsigned ints in 5793.6851 us
Read/Write Bandwidth = 23166 MB/s
Kernel execution is complete.
Copying to DDR
Creating memcopy_ddr kernel (DDR->DDR)
Launching the kernel...
after buffer enqueue
after kernel launch
Processed 16777216 unsigned ints in 4058.5227 us
Read/Write Bandwidth = 33071 MB/s
Kernel execution is complete.
Copying from DDR
Creating memcopy_to_ddr and memcopy_from_ddr kernel (Host->DDR->Host)
Launching the kernel...
Processed 67108864 unsigned ints in 21105.3691 us
Read/Write Bandwidth = 12719 MB/s
Kernel execution is complete.
Read from DDR.
Creating memread kernel
Launching the kernel...
Processed 16777216 unsigned ints in 5334.4399 us
Read Bandwidth = 12580 MB/s
Kernel execution is complete.
Creating memwrite kernel
Launching the kernel...
Processed 16777216 unsigned ints in 5304.1714 us
Write Bandwidth = 12652 MB/s
Kernel execution is complete.
Verification finished.
