<3 Arguments given, assuming hardware execution mode.
Using SDK as search string for platform.
Using bin/mem_bandwidth_s10_svmddr.aocx as aocx name.
Found 3 platforms!
Trying to select platform SDK...
SVM enabled!
Creating SVM buffers.
Info: Using clSVMAllocIntelFPGAInfo: Using clSVMAllocIntelFPGACreating DDR buffers.
Initializing data.
Trying to load aocx: bin/mem_bandwidth_s10_svmddr.aocx
Creating nop kernel
Launching the kernel...
after kernel nop launch
Starting memcopy kernel
Creating memcopy kernel (Host->Host)
Launching the kernel...
Processed 16777216 unsigned ints in 5797.3594 us
Read/Write Bandwidth = 23152 MB/s
Kernel execution is complete.
Copying to DDR
Creating memcopy_ddr kernel (DDR->DDR)
Launching the kernel...
after buffer enqueue
after kernel launch
Processed 16777216 unsigned ints in 2943.9385 us
Read/Write Bandwidth = 45591 MB/s
Kernel execution is complete.
Copying from DDR
Creating memcopy_to_ddr and memcopy_from_ddr kernel (Host->DDR->Host)
Launching the kernel...
Processed 16777216 unsigned ints in 10594.4209 us
Read/Write Bandwidth = 12669 MB/s
Kernel execution is complete.
Read from DDR.
Creating memread kernel
Launching the kernel...
Processed 16777216 unsigned ints in 5306.8940 us
Read Bandwidth = 12646 MB/s
Kernel execution is complete.
Creating memwrite kernel
Launching the kernel...
Processed 16777216 unsigned ints in 5293.7930 us
Write Bandwidth = 12677 MB/s
Kernel execution is complete.
Verification finished.
