<3 Arguments given, assuming hardware execution mode.
Using SDK as search string for platform.
Using bin/mem_bandwidth_s10_svmddr_batch3.aocx as aocx name.
Found 2 platforms!
Trying to select platform SDK...
SVM enabled!
Creating SVM buffers.
Info: Using clSVMAllocIntelFPGAInfo: Using clSVMAllocIntelFPGAInfo: Using clSVMAllocIntelFPGAInfo: Using clSVMAllocIntelFPGACreating DDR buffers.
Initializing data.
Trying to load aocx: bin/mem_bandwidth_s10_svmddr_batch3.aocx
0 - Creating nop kernel
Launching the kernel...
after kernel nop launch

1 - Creating memcopy kernel (Host->Host)
Launching the kernel...
Processed 16777216 unsigned ints in 5809.1626 us
Read/Write Bandwidth = 23104 MB/s
Kernel execution is complete.

5 - Creating memcopy_ddr kernel (DDR->DDR)
Copying to DDR
Launching the kernel...
after kernel launch
Processed 16777216 unsigned ints in 4109.9834 us
Read/Write Bandwidth = 16328 MB/s
Kernel execution is complete.
Copying from DDR

9 - Creating batched memcopy_to_ddr and memcopy_from_ddr kernel (Host->DDR->Host)
Writing to device
Launching the kernel...

Batch 1: Write Kernel Start  0.000000
Batch 1: Write Kernel End    0.000000
Batch 1: Read Kernel Start   1221586113050968.000000
Batch 1: Read Kernel End     1221586118338793.000000
Batch 2: Write Kernel Start  1221586113067778.000000
Batch 2: Write Kernel End    1221586123571186.000000
Batch 2: Read Kernel Start   0.000000
Batch 2: Read Kernel End     0.000000

Batch 1: Write Kernel Exec Time 0.000000
Batch 1: Read Kernel Exec Time  5287825.000000
Batch 2: Write Kernel Exec Time 10503408.000000
Batch 2: Read Kernel Exec Time  0.000000

Processed 33554432 unsigned ints in 10559.5303 us
Read/Write Bandwidth = 12711 MB/s
Kernel execution is complete.

6 - Creating single kernel batched memcopy (Host->DDR->Host)
Launching the kernel...

Batch 1: Write Kernel Start  1221586189787113.000000
Batch 1: Write Kernel End    1221586211602078.000000

Batch 1: Write Kernel Exec Time 21814965.000000

Processed 67108864 unsigned ints in 21857.8652 us
Read/Write Bandwidth = 12281 MB/s
Kernel execution is complete.
Read from DDR.

3 - Creating memread kernel
Launching the kernel...
Processed 16777216 unsigned ints in 5327.5068 us
Read Bandwidth = 12597 MB/s
Kernel execution is complete.

4 - Creating memwrite kernel
Launching the kernel...
Processed 16777216 unsigned ints in 5299.7378 us
Write Bandwidth = 12663 MB/s
Kernel execution is complete.

7 - Creating Single kernel with both memread and memwrite kernel
Launching the kernel...

Kernel Start  1221586363465728.000000
Kernel End    1221586371130089.000000

Write Kernel Exec Time 7664361.000000

Processed 16777216 unsigned ints in 7680.8081 us
Write Bandwidth = 8737 MB/s
Kernel execution is complete.

8 - Overlapping Device Read and Write
Copying to DDR
Launching the kernel...
Copying from DDR

Kernel Start  1221586376553114.000000
Kernel End    1221586382325059.000000

Write Kernel Exec Time 5771945.000000

Processed 33554432 unsigned ints in 5800.9697 us
Full Duplex Bandwidth = 23137 MB/s
Kernel execution is complete.
Verification finished.
