<3 Arguments given, assuming hardware execution mode.
Using SDK as search string for platform.
Using bin/mem_bandwidth_s10_svmddr_batch3.aocx as aocx name.
Found 2 platforms!
Trying to select platform SDK...
SVM enabled!
Creating SVM buffers.
Info: Using clSVMAllocIntelFPGAInfo: Using clSVMAllocIntelFPGAInfo: Using clSVMAllocIntelFPGAInfo: Using clSVMAllocIntelFPGACreating DDR buffers.
Initializing data.
Trying to load aocx: bin/mem_bandwidth_s10_svmddr_batch3.aocx
0 - Creating nop kernel
Launching the kernel...
after kernel nop launch

1 - Creating memcopy kernel (Host->Host)
Launching the kernel...
Processed 16777216 unsigned ints in 5806.4868 us
Read/Write Bandwidth = 23115 MB/s
Kernel execution is complete.

5 - Creating memcopy_ddr kernel (DDR->DDR)
Copying to DDR
Launching the kernel...
after kernel launch
Processed 16777216 unsigned ints in 4106.8037 us
Read/Write Bandwidth = 16341 MB/s
Kernel execution is complete.
Copying from DDR

9 - Creating batched memcopy_to_ddr and memcopy_from_ddr kernel (Host->DDR->Host)
Writing to device
Launching the kernel...

Batch 1: Write Kernel Start  0.000000
Batch 1: Write Kernel End    0.000000
Batch 1: Read Kernel Start   1228681442291353.000000
Batch 1: Read Kernel End     1228681447564533.000000
Batch 2: Write Kernel Start  1228681442271038.000000
Batch 2: Write Kernel End    1228681452800483.000000
Batch 2: Read Kernel Start   0.000000
Batch 2: Read Kernel End     0.000000

Batch 1: Write Kernel Exec Time 0.000000
Batch 1: Read Kernel Exec Time  5273180.000000
Batch 2: Write Kernel Exec Time 10529445.000000
Batch 2: Read Kernel Exec Time  0.000000

Processed 33554432 unsigned ints in 10562.4385 us
Read/Write Bandwidth = 12707 MB/s
Kernel execution is complete.

6 - Creating single kernel batched memcopy (Host->DDR->Host)
Launching the kernel...

Batch 1: Write Kernel Start  1228681519551240.000000
Batch 1: Write Kernel End    1228681541400874.000000

Batch 1: Write Kernel Exec Time 21849634.000000

Processed 67108864 unsigned ints in 21889.2734 us
Read/Write Bandwidth = 12263 MB/s
Kernel execution is complete.
Read from DDR.

3 - Creating memread kernel
Launching the kernel...
Processed 16777216 unsigned ints in 5324.7183 us
Read Bandwidth = 12603 MB/s
Kernel execution is complete.

4 - Creating memwrite kernel
Launching the kernel...
Processed 16777216 unsigned ints in 5285.6074 us
Write Bandwidth = 12697 MB/s
Kernel execution is complete.

7 - Creating Single kernel with both memread and memwrite kernel
Launching the kernel...

Kernel Start  1228681694668140.000000
Kernel End    1228681702329498.000000

Write Kernel Exec Time 7661358.000000

Processed 16777216 unsigned ints in 7689.8262 us
Write Bandwidth = 8727 MB/s
Kernel execution is complete.

8 - Overlapping Device Read and Write
Copying to DDR
Launching the kernel...
Copying from DDR

Kernel Start  1228681707760754.000000
Kernel End    1228681713532065.000000

Write Kernel Exec Time 5771311.000000

Processed 33554432 unsigned ints in 5805.1509 us
Full Duplex Bandwidth = 23120 MB/s
Kernel execution is complete.
Verification finished.
