<3 Arguments given, assuming hardware execution mode.
Using SDK as search string for platform.
Using bin/mem_bandwidth_s10_svmddr.aocx as aocx name.
Found 2 platforms!
Trying to select platform SDK...
SVM enabled!
Creating SVM buffers.
Info: Using clSVMAllocIntelFPGAInfo: Using clSVMAllocIntelFPGAInfo: Using clSVMAllocIntelFPGAInfo: Using clSVMAllocIntelFPGACreating DDR buffers.
Initializing data.
Trying to load aocx: bin/mem_bandwidth_s10_svmddr.aocx
Creating nop kernel
Launching the kernel...
after kernel nop launch
Starting memcopy kernel
Creating memcopy kernel (Host->Host)
Launching the kernel...
Processed 16777216 unsigned ints in 5786.9639 us
Read/Write Bandwidth = 23193 MB/s
Kernel execution is complete.
Copying to DDR
Creating memcopy_ddr kernel (DDR->DDR)
Launching the kernel...
after buffer enqueue
after kernel launch
Processed 16777216 unsigned ints in 4044.7031 us
Read/Write Bandwidth = 33184 MB/s
Kernel execution is complete.
Copying from DDR
Creating memcopy_to_ddr and memcopy_from_ddr kernel (Host->DDR->Host)
Launching the kernel...

Batch 1: Write Kernel Start  3054041856523097.000000
Batch 1: Write Kernel End    3054041861821760.000000
Batch 1: Read Kernel Start   3054041861836687.000000
Batch 1: Read Kernel End     3054041867150616.000000
Batch 2: Write Kernel Start  3054041861822180.000000
Batch 2: Write Kernel End    3054041872343470.000000
Batch 2: Read Kernel Start   3054041872355533.000000
Batch 2: Read Kernel End     3054041877623867.000000

Batch 1: Write Kernel Exec Time 5298663.000000
Batch 1: Read Kernel Exec Time  5313929.000000
Batch 2: Write Kernel Exec Time 10521290.000000
Batch 2: Read Kernel Exec Time  5268334.000000

Processed 67108864 unsigned ints in 21128.1172 us
Read/Write Bandwidth = 12705 MB/s
Kernel execution is complete.
Read from DDR.
Creating memread kernel
Launching the kernel...
Processed 16777216 unsigned ints in 5321.9731 us
Read Bandwidth = 12610 MB/s
Kernel execution is complete.
Creating memwrite kernel
Launching the kernel...
Processed 16777216 unsigned ints in 5289.7900 us
Write Bandwidth = 12686 MB/s
Kernel execution is complete.
Verification finished.
